生成启动时间为 2020/9/29 11:21:46。
     1>项目“D:\segment-local-evaluation\LocalEvaluation.vcxproj”在节点 2 上(build 个目标)。
     1>InitializeBuildStatus:
         正在创建“Debug\LocalEvaluation.unsuccessfulbuild”，因为已指定“AlwaysCreate”。
       ClCompile:
         C:\Program Files (x86)\Microsoft Visual Studio 10.0\VC\bin\CL.exe /c /ZI /nologo /W3 /WX- /Od /Oy- /D WIN32 /D _DEBUG /D _CONSOLE /D _UNICODE /D UNICODE /Gm /EHsc /RTC1 /MDd /GS /fp:precise /Zc:wchar_t /Zc:forScope /Fo"Debug\\" /Fd"Debug\vc100.pdb" /Gd /TP /analyze- /errorReport:prompt LocalEvaluation.cpp
         LocalEvaluation.cpp
     1>c:\opencv2.2\include\opencv2\flann\logger.h(66): warning C4996: 'fopen': This function or variable may be unsafe. Consider using fopen_s instead. To disable deprecation, use _CRT_SECURE_NO_WARNINGS. See online help for details.
                 c:\program files (x86)\microsoft visual studio 10.0\vc\include\stdio.h(234) : 参见“fopen”的声明
     1>d:\segment-local-evaluation\localevaluation.h(283): warning C4018: “<”: 有符号/无符号不匹配
     1>d:\segment-local-evaluation\localevaluation.h(286): warning C4018: “<”: 有符号/无符号不匹配
     1>d:\segment-local-evaluation\localevaluation.h(316): warning C4018: “<”: 有符号/无符号不匹配
     1>d:\segment-local-evaluation\localevaluation.h(317): warning C4018: “<”: 有符号/无符号不匹配
     1>d:\segment-local-evaluation\localevaluation.h(326): warning C4018: “<”: 有符号/无符号不匹配
     1>d:\segment-local-evaluation\localevaluation.h(331): warning C4018: “<”: 有符号/无符号不匹配
     1>d:\segment-local-evaluation\localevaluation.h(344): warning C4018: “<”: 有符号/无符号不匹配
     1>d:\segment-local-evaluation\localevaluation.h(347): warning C4018: “<”: 有符号/无符号不匹配
     1>d:\segment-local-evaluation\localevaluation.h(350): warning C4244: “=”: 从“double”转换到“int”，可能丢失数据
     1>d:\segment-local-evaluation\localevaluation.h(353): warning C4018: “<”: 有符号/无符号不匹配
     1>d:\segment-local-evaluation\localevaluation.h(372): warning C4018: “<”: 有符号/无符号不匹配
     1>d:\segment-local-evaluation\localevaluation.h(374): warning C4244: “+=”: 从“double”转换到“int”，可能丢失数据
     1>d:\segment-local-evaluation\localevaluation.h(389): warning C4018: “<”: 有符号/无符号不匹配
     1>d:\segment-local-evaluation\localevaluation.h(390): warning C4018: “<”: 有符号/无符号不匹配
     1>d:\segment-local-evaluation\localevaluation.h(403): warning C4018: “<”: 有符号/无符号不匹配
     1>d:\segment-local-evaluation\check.h(114): warning C4018: “<”: 有符号/无符号不匹配
     1>d:\segment-local-evaluation\check.h(116): warning C4018: “<”: 有符号/无符号不匹配
     1>d:\segment-local-evaluation\check.h(133): warning C4018: “<”: 有符号/无符号不匹配
     1>d:\segment-local-evaluation\check.h(143): warning C4018: “<”: 有符号/无符号不匹配
     1>d:\segment-local-evaluation\outputdata.h(16): warning C4996: 'fopen': This function or variable may be unsafe. Consider using fopen_s instead. To disable deprecation, use _CRT_SECURE_NO_WARNINGS. See online help for details.
                 c:\program files (x86)\microsoft visual studio 10.0\vc\include\stdio.h(234) : 参见“fopen”的声明
     1>d:\segment-local-evaluation\outputdata.h(21): warning C4018: “<”: 有符号/无符号不匹配
     1>d:\segment-local-evaluation\outputdata.h(43): warning C4018: “<”: 有符号/无符号不匹配
     1>d:\segment-local-evaluation\outputdata.h(50): warning C4018: “<”: 有符号/无符号不匹配
     1>d:\segment-local-evaluation\localevaluation.cpp(62): warning C4996: 'fopen': This function or variable may be unsafe. Consider using fopen_s instead. To disable deprecation, use _CRT_SECURE_NO_WARNINGS. See online help for details.
                 c:\program files (x86)\microsoft visual studio 10.0\vc\include\stdio.h(234) : 参见“fopen”的声明
     1>d:\segment-local-evaluation\localevaluation.cpp(69): warning C4996: 'fscanf': This function or variable may be unsafe. Consider using fscanf_s instead. To disable deprecation, use _CRT_SECURE_NO_WARNINGS. See online help for details.
                 c:\program files (x86)\microsoft visual studio 10.0\vc\include\stdio.h(253) : 参见“fscanf”的声明
       ManifestResourceCompile:
         所有输出均为最新。
       Link:
         C:\Program Files (x86)\Microsoft Visual Studio 10.0\VC\bin\link.exe /ERRORREPORT:PROMPT /OUT:"D:\segment-local-evaluation\Debug\LocalEvaluation.exe" /INCREMENTAL /NOLOGO opencv_core220d.lib opencv_highgui220d.lib opencv_video220d.lib opencv_ml220d.lib opencv_legacy220d.lib opencv_imgproc220d.lib kernel32.lib user32.lib gdi32.lib winspool.lib comdlg32.lib advapi32.lib shell32.lib ole32.lib oleaut32.lib uuid.lib odbc32.lib odbccp32.lib /MANIFEST /ManifestFile:"Debug\LocalEvaluation.exe.intermediate.manifest" /MANIFESTUAC:"level='asInvoker' uiAccess='false'" /DEBUG /PDB:"D:\segment-local-evaluation\Debug\LocalEvaluation.pdb" /SUBSYSTEM:CONSOLE /TLBID:1 /DYNAMICBASE /NXCOMPAT /IMPLIB:"D:\segment-local-evaluation\Debug\LocalEvaluation.lib" /MACHINE:X86 Debug\LocalEvaluation.exe.embed.manifest.res
         Debug\LocalEvaluation.obj
       Manifest:
         C:\Program Files (x86)\Microsoft SDKs\Windows\v7.0A\bin\mt.exe /nologo /verbose /out:"Debug\LocalEvaluation.exe.embed.manifest" /manifest Debug\LocalEvaluation.exe.intermediate.manifest
         所有输出均为最新。
       LinkEmbedManifest:
         所有输出均为最新。
         LocalEvaluation.vcxproj -> D:\segment-local-evaluation\Debug\LocalEvaluation.exe
       FinalizeBuildStatus:
         正在删除文件“Debug\LocalEvaluation.unsuccessfulbuild”。
         正在对“Debug\LocalEvaluation.lastbuildstate”执行 Touch 任务。
     1>已完成生成项目“D:\segment-local-evaluation\LocalEvaluation.vcxproj”(build 个目标)的操作。

生成成功。

已用时间 00:00:01.74
