D:\segment-local-evaluation\Debug\cl.command.1.tlog
D:\segment-local-evaluation\Debug\CL.read.1.tlog
D:\segment-local-evaluation\Debug\CL.write.1.tlog
D:\segment-local-evaluation\Debug\link.19592.read.1.tlog
D:\segment-local-evaluation\Debug\link.19592.write.1.tlog
D:\segment-local-evaluation\Debug\link.19592-cvtres.read.1.tlog
D:\segment-local-evaluation\Debug\link.19592-cvtres.write.1.tlog
D:\segment-local-evaluation\Debug\link.22196.read.1.tlog
D:\segment-local-evaluation\Debug\link.22196.write.1.tlog
D:\segment-local-evaluation\Debug\link.22196-cvtres.read.1.tlog
D:\segment-local-evaluation\Debug\link.22196-cvtres.write.1.tlog
D:\segment-local-evaluation\Debug\link.23240.read.1.tlog
D:\segment-local-evaluation\Debug\link.23240.write.1.tlog
D:\segment-local-evaluation\Debug\link.23240-cvtres.read.1.tlog
D:\segment-local-evaluation\Debug\link.23240-cvtres.write.1.tlog
D:\segment-local-evaluation\Debug\link.25048.read.1.tlog
D:\segment-local-evaluation\Debug\link.25048.write.1.tlog
D:\segment-local-evaluation\Debug\link.25048-cvtres.read.1.tlog
D:\segment-local-evaluation\Debug\link.25048-cvtres.write.1.tlog
D:\segment-local-evaluation\Debug\link.296.read.1.tlog
D:\segment-local-evaluation\Debug\link.296.write.1.tlog
D:\segment-local-evaluation\Debug\link.296-cvtres.read.1.tlog
D:\segment-local-evaluation\Debug\link.296-cvtres.write.1.tlog
D:\segment-local-evaluation\Debug\link.command.1.tlog
D:\segment-local-evaluation\Debug\link.read.1.tlog
D:\segment-local-evaluation\Debug\link.write.1.tlog
D:\segment-local-evaluation\Debug\link-cvtres.read.1.tlog
D:\segment-local-evaluation\Debug\link-cvtres.write.1.tlog
D:\SEGMENT-LOCAL-EVALUATION\DEBUG\LOCALEVALUATION.EXE
D:\SEGMENT-LOCAL-EVALUATION\DEBUG\LOCALEVALUATION.EXE.EMBED.MANIFEST
D:\SEGMENT-LOCAL-EVALUATION\DEBUG\LOCALEVALUATION.EXE.EMBED.MANIFEST.RES
D:\SEGMENT-LOCAL-EVALUATION\DEBUG\LOCALEVALUATION.EXE.INTERMEDIATE.MANIFEST
D:\SEGMENT-LOCAL-EVALUATION\DEBUG\LOCALEVALUATION.ILK
D:\SEGMENT-LOCAL-EVALUATION\DEBUG\LOCALEVALUATION.OBJ
D:\SEGMENT-LOCAL-EVALUATION\DEBUG\LOCALEVALUATION.PDB
D:\segment-local-evaluation\Debug\LocalEvaluation.vcxprojResolveAssemblyReference.cache
D:\segment-local-evaluation\Debug\LocalEvaluation.write.1.tlog
D:\segment-local-evaluation\Debug\LocalEvaluation_manifest.rc
D:\segment-local-evaluation\Debug\mt.command.1.tlog
D:\segment-local-evaluation\Debug\mt.read.1.tlog
D:\segment-local-evaluation\Debug\mt.write.1.tlog
D:\segment-local-evaluation\Debug\rc.command.1.tlog
D:\segment-local-evaluation\Debug\rc.read.1.tlog
D:\segment-local-evaluation\Debug\rc.write.1.tlog
D:\segment-local-evaluation\Debug\vc100.idb
D:\SEGMENT-LOCAL-EVALUATION\DEBUG\VC100.PDB
