C:\Users\Why\OneDrive\ScaleSets_New\ScaleSets\Debug\cl.command.1.tlog
C:\Users\Why\OneDrive\ScaleSets_New\ScaleSets\Debug\CL.read.1.tlog
C:\Users\Why\OneDrive\ScaleSets_New\ScaleSets\Debug\CL.write.1.tlog
C:\Users\Why\OneDrive\ScaleSets_New\ScaleSets\Debug\link.command.1.tlog
C:\Users\Why\OneDrive\ScaleSets_New\ScaleSets\Debug\link.read.1.tlog
C:\Users\Why\OneDrive\ScaleSets_New\ScaleSets\Debug\link.write.1.tlog
C:\Users\Why\OneDrive\ScaleSets_New\ScaleSets\Debug\link-cvtres.read.1.tlog
C:\Users\Why\OneDrive\ScaleSets_New\ScaleSets\Debug\link-cvtres.write.1.tlog
C:\Users\Why\OneDrive\ScaleSets_New\ScaleSets\Debug\rc.command.1.tlog
C:\Users\Why\OneDrive\ScaleSets_New\ScaleSets\Debug\rc.read.1.tlog
C:\Users\Why\OneDrive\ScaleSets_New\ScaleSets\Debug\rc.write.1.tlog
C:\Users\Why\OneDrive\ScaleSets_New\ScaleSets\Debug\ScaleSets.exe.embed.manifest
C:\USERS\WHY\ONEDRIVE\SCALESETS_NEW\SCALESETS\DEBUG\SCALESETS.EXE.EMBED.MANIFEST.RES
C:\Users\Why\OneDrive\ScaleSets_New\ScaleSets\Debug\ScaleSets.exe.intermediate.manifest
C:\Users\Why\OneDrive\ScaleSets_New\ScaleSets\Debug\ScaleSets.pdb
C:\Users\Why\OneDrive\ScaleSets_New\ScaleSets\Debug\ScaleSets.write.1.tlog
C:\Users\Why\OneDrive\ScaleSets_New\ScaleSets\Debug\ScaleSets_manifest.rc
C:\USERS\WHY\ONEDRIVE\SCALESETS_NEW\SCALESETS\DEBUG\SCALESETSMAIN.OBJ
C:\Users\Why\OneDrive\ScaleSets_New\ScaleSets\Debug\vc100.idb
C:\USERS\WHY\ONEDRIVE\SCALESETS_NEW\SCALESETS\DEBUG\VC100.PDB
